<?xml version="1.0" encoding="UTF-8"?>
<!-- Generated by org.testng.reporters.JUnitReportReporter -->
<testsuite skipped="0" hostname="Sivaraman_S" name="com.shopping.ShoppingAppFrameWork.AlertWindow" tests="1" failures="0" timestamp="2021-01-25T11:49:31 IST" time="30.503" errors="0">
  <testcase name="newPage" time="30.503" classname="com.shopping.ShoppingAppFrameWork.AlertWindow"/>
  <system-out/>
</testsuite> <!-- com.shopping.ShoppingAppFrameWork.AlertWindow -->
