<?xml version="1.0" encoding="UTF-8"?>
<!-- Generated by org.testng.reporters.JUnitReportReporter -->
<testsuite skipped="0" hostname="Sivaraman_S" name="com.shopping.ShoppingAppFrameWork.DriverTest" tests="1" failures="0" timestamp="2021-01-22T13:25:39 IST" time="34.623" errors="0">
  <testcase name="testMethod" time="34.623" classname="com.shopping.ShoppingAppFrameWork.DriverTest"/>
  <system-out/>
</testsuite> <!-- com.shopping.ShoppingAppFrameWork.DriverTest -->
